Determining if the pthread_create exist failed with the following output:
Change Dir: /home/jumper/Documents/bwi_my_ws/proj_v1_ws/build/CMakeFiles/CMakeTmp

Run Build Command:/usr/bin/make "cmTryCompileExec581100825/fast"
/usr/bin/make -f CMakeFiles/cmTryCompileExec581100825.dir/build.make CMakeFiles/cmTryCompileExec581100825.dir/build
make[1]: Entering directory `/home/jumper/Documents/bwi_my_ws/proj_v1_ws/build/CMakeFiles/CMakeTmp'
/usr/bin/cmake -E cmake_progress_report /home/jumper/Documents/bwi_my_ws/proj_v1_ws/build/CMakeFiles/CMakeTmp/CMakeFiles 1
Building C object CMakeFiles/cmTryCompileExec581100825.dir/CheckSymbolExists.c.o
/usr/bin/cc    -o CMakeFiles/cmTryCompileExec581100825.dir/CheckSymbolExists.c.o   -c /home/jumper/Documents/bwi_my_ws/proj_v1_ws/build/CMakeFiles/CMakeTmp/CheckSymbolExists.c
Linking C executable cmTryCompileExec581100825
/usr/bin/cmake -E cmake_link_script CMakeFiles/cmTryCompileExec581100825.dir/link.txt --verbose=1
/usr/bin/cc       CMakeFiles/cmTryCompileExec581100825.dir/CheckSymbolExists.c.o  -o cmTryCompileExec581100825 -rdynamic 
CMakeFiles/cmTryCompileExec581100825.dir/CheckSymbolExists.c.o: In function `main':
CheckSymbolExists.c:(.text+0x16): undefined reference to `pthread_create'
collect2: error: ld returned 1 exit status
make[1]: *** [cmTryCompileExec581100825] Error 1
make[1]: Leaving directory `/home/jumper/Documents/bwi_my_ws/proj_v1_ws/build/CMakeFiles/CMakeTmp'
make: *** [cmTryCompileExec581100825/fast] Error 2

File /home/jumper/Documents/bwi_my_ws/proj_v1_ws/build/CMakeFiles/CMakeTmp/CheckSymbolExists.c:
/* */
#include <pthread.h>

int main(int argc, char** argv)
{
  (void)argv;
#ifndef pthread_create
  return ((int*)(&pthread_create))[argc];
#else
  (void)argc;
  return 0;
#endif
}

Determining if the function pthread_create exists in the pthreads failed with the following output:
Change Dir: /home/jumper/Documents/bwi_my_ws/proj_v1_ws/build/CMakeFiles/CMakeTmp

Run Build Command:/usr/bin/make "cmTryCompileExec1741436636/fast"
/usr/bin/make -f CMakeFiles/cmTryCompileExec1741436636.dir/build.make CMakeFiles/cmTryCompileExec1741436636.dir/build
make[1]: Entering directory `/home/jumper/Documents/bwi_my_ws/proj_v1_ws/build/CMakeFiles/CMakeTmp'
/usr/bin/cmake -E cmake_progress_report /home/jumper/Documents/bwi_my_ws/proj_v1_ws/build/CMakeFiles/CMakeTmp/CMakeFiles 1
Building C object CMakeFiles/cmTryCompileExec1741436636.dir/CheckFunctionExists.c.o
/usr/bin/cc   -DCHECK_FUNCTION_EXISTS=pthread_create   -o CMakeFiles/cmTryCompileExec1741436636.dir/CheckFunctionExists.c.o   -c /usr/share/cmake-2.8/Modules/CheckFunctionExists.c
Linking C executable cmTryCompileExec1741436636
/usr/bin/cmake -E cmake_link_script CMakeFiles/cmTryCompileExec1741436636.dir/link.txt --verbose=1
/usr/bin/cc   -DCHECK_FUNCTION_EXISTS=pthread_create    CMakeFiles/cmTryCompileExec1741436636.dir/CheckFunctionExists.c.o  -o cmTryCompileExec1741436636 -rdynamic -lpthreads 
/usr/bin/ld: cannot find -lpthreads
collect2: error: ld returned 1 exit status
make[1]: *** [cmTryCompileExec1741436636] Error 1
make[1]: Leaving directory `/home/jumper/Documents/bwi_my_ws/proj_v1_ws/build/CMakeFiles/CMakeTmp'
make: *** [cmTryCompileExec1741436636/fast] Error 2


