Determining if the pthread_create exist failed with the following output:
Change Dir: /home/jumper/Documents/bwi_my_ws/proj_v2_ws/build/CMakeFiles/CMakeTmp

Run Build Command:/usr/bin/make "cmTryCompileExec438982700/fast"
/usr/bin/make -f CMakeFiles/cmTryCompileExec438982700.dir/build.make CMakeFiles/cmTryCompileExec438982700.dir/build
make[1]: Entering directory `/home/jumper/Documents/bwi_my_ws/proj_v2_ws/build/CMakeFiles/CMakeTmp'
/usr/bin/cmake -E cmake_progress_report /home/jumper/Documents/bwi_my_ws/proj_v2_ws/build/CMakeFiles/CMakeTmp/CMakeFiles 1
Building C object CMakeFiles/cmTryCompileExec438982700.dir/CheckSymbolExists.c.o
/usr/bin/cc    -o CMakeFiles/cmTryCompileExec438982700.dir/CheckSymbolExists.c.o   -c /home/jumper/Documents/bwi_my_ws/proj_v2_ws/build/CMakeFiles/CMakeTmp/CheckSymbolExists.c
Linking C executable cmTryCompileExec438982700
/usr/bin/cmake -E cmake_link_script CMakeFiles/cmTryCompileExec438982700.dir/link.txt --verbose=1
/usr/bin/cc       CMakeFiles/cmTryCompileExec438982700.dir/CheckSymbolExists.c.o  -o cmTryCompileExec438982700 -rdynamic 
CMakeFiles/cmTryCompileExec438982700.dir/CheckSymbolExists.c.o: In function `main':
CheckSymbolExists.c:(.text+0x16): undefined reference to `pthread_create'
collect2: error: ld returned 1 exit status
make[1]: Leaving directory `/home/jumper/Documents/bwi_my_ws/proj_v2_ws/build/CMakeFiles/CMakeTmp'
make[1]: *** [cmTryCompileExec438982700] Error 1
make: *** [cmTryCompileExec438982700/fast] Error 2

File /home/jumper/Documents/bwi_my_ws/proj_v2_ws/build/CMakeFiles/CMakeTmp/CheckSymbolExists.c:
/* */
#include <pthread.h>

int main(int argc, char** argv)
{
  (void)argv;
#ifndef pthread_create
  return ((int*)(&pthread_create))[argc];
#else
  (void)argc;
  return 0;
#endif
}

Determining if the function pthread_create exists in the pthreads failed with the following output:
Change Dir: /home/jumper/Documents/bwi_my_ws/proj_v2_ws/build/CMakeFiles/CMakeTmp

Run Build Command:/usr/bin/make "cmTryCompileExec3444915131/fast"
/usr/bin/make -f CMakeFiles/cmTryCompileExec3444915131.dir/build.make CMakeFiles/cmTryCompileExec3444915131.dir/build
make[1]: Entering directory `/home/jumper/Documents/bwi_my_ws/proj_v2_ws/build/CMakeFiles/CMakeTmp'
/usr/bin/cmake -E cmake_progress_report /home/jumper/Documents/bwi_my_ws/proj_v2_ws/build/CMakeFiles/CMakeTmp/CMakeFiles 1
Building C object CMakeFiles/cmTryCompileExec3444915131.dir/CheckFunctionExists.c.o
/usr/bin/cc   -DCHECK_FUNCTION_EXISTS=pthread_create   -o CMakeFiles/cmTryCompileExec3444915131.dir/CheckFunctionExists.c.o   -c /usr/share/cmake-2.8/Modules/CheckFunctionExists.c
Linking C executable cmTryCompileExec3444915131
/usr/bin/cmake -E cmake_link_script CMakeFiles/cmTryCompileExec3444915131.dir/link.txt --verbose=1
/usr/bin/cc   -DCHECK_FUNCTION_EXISTS=pthread_create    CMakeFiles/cmTryCompileExec3444915131.dir/CheckFunctionExists.c.o  -o cmTryCompileExec3444915131 -rdynamic -lpthreads 
/usr/bin/ld: cannot find -lpthreads
collect2: error: ld returned 1 exit status
make[1]: *** [cmTryCompileExec3444915131] Error 1
make[1]: Leaving directory `/home/jumper/Documents/bwi_my_ws/proj_v2_ws/build/CMakeFiles/CMakeTmp'
make: *** [cmTryCompileExec3444915131/fast] Error 2


