Determining if the pthread_create exist failed with the following output:
Change Dir: /home/jumper/Documents/bwi_my_ws/bwi_ws/build/CMakeFiles/CMakeTmp

Run Build Command:/usr/bin/make "cmTryCompileExec3243774363/fast"
/usr/bin/make -f CMakeFiles/cmTryCompileExec3243774363.dir/build.make CMakeFiles/cmTryCompileExec3243774363.dir/build
make[1]: Entering directory `/home/jumper/Documents/bwi_my_ws/bwi_ws/build/CMakeFiles/CMakeTmp'
/usr/bin/cmake -E cmake_progress_report /home/jumper/Documents/bwi_my_ws/bwi_ws/build/CMakeFiles/CMakeTmp/CMakeFiles 1
Building C object CMakeFiles/cmTryCompileExec3243774363.dir/CheckSymbolExists.c.o
/usr/bin/cc    -o CMakeFiles/cmTryCompileExec3243774363.dir/CheckSymbolExists.c.o   -c /home/jumper/Documents/bwi_my_ws/bwi_ws/build/CMakeFiles/CMakeTmp/CheckSymbolExists.c
Linking C executable cmTryCompileExec3243774363
/usr/bin/cmake -E cmake_link_script CMakeFiles/cmTryCompileExec3243774363.dir/link.txt --verbose=1
/usr/bin/cc       CMakeFiles/cmTryCompileExec3243774363.dir/CheckSymbolExists.c.o  -o cmTryCompileExec3243774363 -rdynamic 
CMakeFiles/cmTryCompileExec3243774363.dir/CheckSymbolExists.c.o: In function `main':
CheckSymbolExists.c:(.text+0x16): undefined reference to `pthread_create'
collect2: error: ld returned 1 exit status
make[1]: *** [cmTryCompileExec3243774363] Error 1
make[1]: Leaving directory `/home/jumper/Documents/bwi_my_ws/bwi_ws/build/CMakeFiles/CMakeTmp'
make: *** [cmTryCompileExec3243774363/fast] Error 2

File /home/jumper/Documents/bwi_my_ws/bwi_ws/build/CMakeFiles/CMakeTmp/CheckSymbolExists.c:
/* */
#include <pthread.h>

int main(int argc, char** argv)
{
  (void)argv;
#ifndef pthread_create
  return ((int*)(&pthread_create))[argc];
#else
  (void)argc;
  return 0;
#endif
}

Determining if the function pthread_create exists in the pthreads failed with the following output:
Change Dir: /home/jumper/Documents/bwi_my_ws/bwi_ws/build/CMakeFiles/CMakeTmp

Run Build Command:/usr/bin/make "cmTryCompileExec837145381/fast"
/usr/bin/make -f CMakeFiles/cmTryCompileExec837145381.dir/build.make CMakeFiles/cmTryCompileExec837145381.dir/build
make[1]: Entering directory `/home/jumper/Documents/bwi_my_ws/bwi_ws/build/CMakeFiles/CMakeTmp'
/usr/bin/cmake -E cmake_progress_report /home/jumper/Documents/bwi_my_ws/bwi_ws/build/CMakeFiles/CMakeTmp/CMakeFiles 1
Building C object CMakeFiles/cmTryCompileExec837145381.dir/CheckFunctionExists.c.o
/usr/bin/cc   -DCHECK_FUNCTION_EXISTS=pthread_create   -o CMakeFiles/cmTryCompileExec837145381.dir/CheckFunctionExists.c.o   -c /usr/share/cmake-2.8/Modules/CheckFunctionExists.c
Linking C executable cmTryCompileExec837145381
/usr/bin/cmake -E cmake_link_script CMakeFiles/cmTryCompileExec837145381.dir/link.txt --verbose=1
/usr/bin/cc   -DCHECK_FUNCTION_EXISTS=pthread_create    CMakeFiles/cmTryCompileExec837145381.dir/CheckFunctionExists.c.o  -o cmTryCompileExec837145381 -rdynamic -lpthreads 
/usr/bin/ld: cannot find -lpthreads
collect2: error: ld returned 1 exit status
make[1]: Leaving directory `/home/jumper/Documents/bwi_my_ws/bwi_ws/build/CMakeFiles/CMakeTmp'
make[1]: *** [cmTryCompileExec837145381] Error 1
make: *** [cmTryCompileExec837145381/fast] Error 2


Determining if the Q_WS_WIN exist failed with the following output:
Change Dir: /home/jumper/Documents/bwi_my_ws/bwi_ws/build/CMakeFiles/CMakeTmp

Run Build Command:/usr/bin/make "cmTryCompileExec1123913628/fast"
/usr/bin/make -f CMakeFiles/cmTryCompileExec1123913628.dir/build.make CMakeFiles/cmTryCompileExec1123913628.dir/build
make[1]: Entering directory `/home/jumper/Documents/bwi_my_ws/bwi_ws/build/CMakeFiles/CMakeTmp'
/usr/bin/cmake -E cmake_progress_report /home/jumper/Documents/bwi_my_ws/bwi_ws/build/CMakeFiles/CMakeTmp/CMakeFiles 1
Building CXX object CMakeFiles/cmTryCompileExec1123913628.dir/CheckSymbolExists.cxx.o
/usr/bin/c++    -I/usr/include/qt4    -o CMakeFiles/cmTryCompileExec1123913628.dir/CheckSymbolExists.cxx.o -c /home/jumper/Documents/bwi_my_ws/bwi_ws/build/CMakeFiles/CMakeTmp/CheckSymbolExists.cxx
/home/jumper/Documents/bwi_my_ws/bwi_ws/build/CMakeFiles/CMakeTmp/CheckSymbolExists.cxx: In function ‘int main(int, char**)’:
/home/jumper/Documents/bwi_my_ws/bwi_ws/build/CMakeFiles/CMakeTmp/CheckSymbolExists.cxx:8:19: error: ‘Q_WS_WIN’ was not declared in this scope
   return ((int*)(&Q_WS_WIN))[argc];
                   ^
make[1]: *** [CMakeFiles/cmTryCompileExec1123913628.dir/CheckSymbolExists.cxx.o] Error 1
make[1]: Leaving directory `/home/jumper/Documents/bwi_my_ws/bwi_ws/build/CMakeFiles/CMakeTmp'
make: *** [cmTryCompileExec1123913628/fast] Error 2

File /home/jumper/Documents/bwi_my_ws/bwi_ws/build/CMakeFiles/CMakeTmp/CheckSymbolExists.cxx:
/* */
#include <QtCore/qglobal.h>

int main(int argc, char** argv)
{
  (void)argv;
#ifndef Q_WS_WIN
  return ((int*)(&Q_WS_WIN))[argc];
#else
  (void)argc;
  return 0;
#endif
}

Determining if the Q_WS_QWS exist failed with the following output:
Change Dir: /home/jumper/Documents/bwi_my_ws/bwi_ws/build/CMakeFiles/CMakeTmp

Run Build Command:/usr/bin/make "cmTryCompileExec3486217710/fast"
/usr/bin/make -f CMakeFiles/cmTryCompileExec3486217710.dir/build.make CMakeFiles/cmTryCompileExec3486217710.dir/build
make[1]: Entering directory `/home/jumper/Documents/bwi_my_ws/bwi_ws/build/CMakeFiles/CMakeTmp'
/usr/bin/cmake -E cmake_progress_report /home/jumper/Documents/bwi_my_ws/bwi_ws/build/CMakeFiles/CMakeTmp/CMakeFiles 1
Building CXX object CMakeFiles/cmTryCompileExec3486217710.dir/CheckSymbolExists.cxx.o
/usr/bin/c++    -I/usr/include/qt4    -o CMakeFiles/cmTryCompileExec3486217710.dir/CheckSymbolExists.cxx.o -c /home/jumper/Documents/bwi_my_ws/bwi_ws/build/CMakeFiles/CMakeTmp/CheckSymbolExists.cxx
/home/jumper/Documents/bwi_my_ws/bwi_ws/build/CMakeFiles/CMakeTmp/CheckSymbolExists.cxx: In function ‘int main(int, char**)’:
/home/jumper/Documents/bwi_my_ws/bwi_ws/build/CMakeFiles/CMakeTmp/CheckSymbolExists.cxx:8:19: error: ‘Q_WS_QWS’ was not declared in this scope
   return ((int*)(&Q_WS_QWS))[argc];
                   ^
make[1]: *** [CMakeFiles/cmTryCompileExec3486217710.dir/CheckSymbolExists.cxx.o] Error 1
make[1]: Leaving directory `/home/jumper/Documents/bwi_my_ws/bwi_ws/build/CMakeFiles/CMakeTmp'
make: *** [cmTryCompileExec3486217710/fast] Error 2

File /home/jumper/Documents/bwi_my_ws/bwi_ws/build/CMakeFiles/CMakeTmp/CheckSymbolExists.cxx:
/* */
#include <QtCore/qglobal.h>

int main(int argc, char** argv)
{
  (void)argv;
#ifndef Q_WS_QWS
  return ((int*)(&Q_WS_QWS))[argc];
#else
  (void)argc;
  return 0;
#endif
}

Determining if the Q_WS_MAC exist failed with the following output:
Change Dir: /home/jumper/Documents/bwi_my_ws/bwi_ws/build/CMakeFiles/CMakeTmp

Run Build Command:/usr/bin/make "cmTryCompileExec452567902/fast"
/usr/bin/make -f CMakeFiles/cmTryCompileExec452567902.dir/build.make CMakeFiles/cmTryCompileExec452567902.dir/build
make[1]: Entering directory `/home/jumper/Documents/bwi_my_ws/bwi_ws/build/CMakeFiles/CMakeTmp'
/usr/bin/cmake -E cmake_progress_report /home/jumper/Documents/bwi_my_ws/bwi_ws/build/CMakeFiles/CMakeTmp/CMakeFiles 1
Building CXX object CMakeFiles/cmTryCompileExec452567902.dir/CheckSymbolExists.cxx.o
/usr/bin/c++    -I/usr/include/qt4    -o CMakeFiles/cmTryCompileExec452567902.dir/CheckSymbolExists.cxx.o -c /home/jumper/Documents/bwi_my_ws/bwi_ws/build/CMakeFiles/CMakeTmp/CheckSymbolExists.cxx
/home/jumper/Documents/bwi_my_ws/bwi_ws/build/CMakeFiles/CMakeTmp/CheckSymbolExists.cxx: In function ‘int main(int, char**)’:
/home/jumper/Documents/bwi_my_ws/bwi_ws/build/CMakeFiles/CMakeTmp/CheckSymbolExists.cxx:8:19: error: ‘Q_WS_MAC’ was not declared in this scope
   return ((int*)(&Q_WS_MAC))[argc];
                   ^
make[1]: *** [CMakeFiles/cmTryCompileExec452567902.dir/CheckSymbolExists.cxx.o] Error 1
make[1]: Leaving directory `/home/jumper/Documents/bwi_my_ws/bwi_ws/build/CMakeFiles/CMakeTmp'
make: *** [cmTryCompileExec452567902/fast] Error 2

File /home/jumper/Documents/bwi_my_ws/bwi_ws/build/CMakeFiles/CMakeTmp/CheckSymbolExists.cxx:
/* */
#include <QtCore/qglobal.h>

int main(int argc, char** argv)
{
  (void)argv;
#ifndef Q_WS_MAC
  return ((int*)(&Q_WS_MAC))[argc];
#else
  (void)argc;
  return 0;
#endif
}

